{
  "stats": {
    "suites": 1,
    "tests": 1,
    "passes": 1,
    "pending": 0,
    "failures": 0,
    "start": "2025-08-04T12:21:40.402Z",
    "end": "2025-08-04T12:21:42.548Z",
    "duration": 2146,
    "testsRegistered": 1,
    "passPercent": 100,
    "pendingPercent": 0,
    "other": 0,
    "hasOther": false,
    "skipped": 0,
    "hasSkipped": false
  },
  "results": [
    {
      "uuid": "d15c6486-567d-465a-9ca5-6771cfaba798",
      "title": "",
      "fullFile": "cypress\\e2e\\shopping.cy.js",
      "file": "cypress\\e2e\\shopping.cy.js",
      "beforeHooks": [],
      "afterHooks": [],
      "tests": [],
      "suites": [
        {
          "uuid": "93a84126-cef4-41d5-89d5-43053d00d227",
          "title": "Shopping Component",
          "fullFile": "",
          "file": "",
          "beforeHooks": [],
          "afterHooks": [],
          "tests": [
            {
              "title": "✅ Shopping Component Check",
              "fullTitle": "Shopping Component ✅ Shopping Component Check",
              "timedOut": null,
              "duration": 2040,
              "state": "passed",
              "speed": "fast",
              "pass": true,
              "fail": false,
              "pending": false,
              "context": null,
              "code": "cy.get(\".shopping_cart_badge\").should(\"exist\");\ncy.get(\".title\").should(\"exist\");\ncy.get(\".cart_quantity_label\").should(\"exist\");\ncy.get(\".cart_desc_label\").should(\"exist\");\ncy.get('button[id=\"continue-shopping\"]').click().url().should(\"include\", \"/inventory.html\");\ncy.get(\".shopping_cart_link\").click().url().should(\"include\", \"/cart.html\");\ncy.get('button[name=\"checkout\"]').click().url().should(\"include\", \"/checkout-step-one.html\");\ncy.get('button[id=\"cancel\"]').click().url().should(\"include\", \"/cart.html\");",
              "err": {},
              "uuid": "a7e413cf-bfae-410e-8aaa-a73109767634",
              "parentUUID": "93a84126-cef4-41d5-89d5-43053d00d227",
              "isHook": false,
              "skipped": false
            }
          ],
          "suites": [],
          "passes": [
            "a7e413cf-bfae-410e-8aaa-a73109767634"
          ],
          "failures": [],
          "pending": [],
          "skipped": [],
          "duration": 2040,
          "root": false,
          "rootEmpty": false,
          "_timeout": 2000
        }
      ],
      "passes": [],
      "failures": [],
      "pending": [],
      "skipped": [],
      "duration": 0,
      "root": true,
      "rootEmpty": true,
      "_timeout": 2000
    }
  ],
  "meta": {
    "mocha": {
      "version": "7.2.0"
    },
    "mochawesome": {
      "options": {
        "quiet": false,
        "reportFilename": "mochawesome",
        "saveHtml": true,
        "saveJson": true,
        "consoleReporter": "spec",
        "useInlineDiffs": false,
        "code": true
      },
      "version": "7.1.3"
    },
    "marge": {
      "options": {
        "reportDir": "cypress/report/mochawesome-report",
        "overwrite": true,
        "html": true,
        "json": true,
        "timestamp": "mmddyyyy_HHMMss"
      },
      "version": "6.2.0"
    }
  }
}