{
  "stats": {
    "suites": 1,
    "tests": 4,
    "passes": 4,
    "pending": 0,
    "failures": 0,
    "start": "2025-08-04T12:20:57.051Z",
    "end": "2025-08-04T12:21:07.938Z",
    "duration": 10887,
    "testsRegistered": 4,
    "passPercent": 100,
    "pendingPercent": 0,
    "other": 0,
    "hasOther": false,
    "skipped": 0,
    "hasSkipped": false
  },
  "results": [
    {
      "uuid": "9ffddd00-d1c8-4edd-a853-57d12709dd5f",
      "title": "",
      "fullFile": "cypress\\e2e\\checkout.cy.js",
      "file": "cypress\\e2e\\checkout.cy.js",
      "beforeHooks": [],
      "afterHooks": [],
      "tests": [],
      "suites": [
        {
          "uuid": "ac5b1299-59e9-490a-a558-5311a005f119",
          "title": "Checkout",
          "fullFile": "",
          "file": "",
          "beforeHooks": [],
          "afterHooks": [],
          "tests": [
            {
              "title": "❌ Checkout empty First Name",
              "fullTitle": "Checkout ❌ Checkout empty First Name",
              "timedOut": null,
              "duration": 4943,
              "state": "passed",
              "speed": "fast",
              "pass": true,
              "fail": false,
              "pending": false,
              "context": null,
              "code": "cy.checkoutNegativeandExpectError(\"\", \"Doe\", \"123456\", \"Error: First Name is required\");",
              "err": {},
              "uuid": "fa370bb5-a1ac-467f-a1d7-66b2f01d3db0",
              "parentUUID": "ac5b1299-59e9-490a-a558-5311a005f119",
              "isHook": false,
              "skipped": false
            },
            {
              "title": "❌ Checkout empty Last Name",
              "fullTitle": "Checkout ❌ Checkout empty Last Name",
              "timedOut": null,
              "duration": 1927,
              "state": "passed",
              "speed": "fast",
              "pass": true,
              "fail": false,
              "pending": false,
              "context": null,
              "code": "cy.checkoutNegativeandExpectError(\"John\", \"\", \"123456\", \"Error: Last Name is required\");",
              "err": {},
              "uuid": "8448928b-b9e6-4325-af76-6e5ef633f180",
              "parentUUID": "ac5b1299-59e9-490a-a558-5311a005f119",
              "isHook": false,
              "skipped": false
            },
            {
              "title": "❌ Checkout empty Postal Code",
              "fullTitle": "Checkout ❌ Checkout empty Postal Code",
              "timedOut": null,
              "duration": 1731,
              "state": "passed",
              "speed": "fast",
              "pass": true,
              "fail": false,
              "pending": false,
              "context": null,
              "code": "cy.checkoutNegativeandExpectError(\"John\", \"Doe\", \"\", \"Error: Postal Code is required\");",
              "err": {},
              "uuid": "f33d7af5-43de-473f-b85b-f00e8325cd7a",
              "parentUUID": "ac5b1299-59e9-490a-a558-5311a005f119",
              "isHook": false,
              "skipped": false
            },
            {
              "title": "✅ Checkout success",
              "fullTitle": "Checkout ✅ Checkout success",
              "timedOut": null,
              "duration": 2123,
              "state": "passed",
              "speed": "fast",
              "pass": true,
              "fail": false,
              "pending": false,
              "context": null,
              "code": "cy.checkoutPositive(\"John\", \"Doe\", \"123456\");\ncy.totalPricesCheck();\ncy.finishCheckout();",
              "err": {},
              "uuid": "a2fcb37f-77e7-4aea-a8a2-74ae6ae7ea19",
              "parentUUID": "ac5b1299-59e9-490a-a558-5311a005f119",
              "isHook": false,
              "skipped": false
            }
          ],
          "suites": [],
          "passes": [
            "fa370bb5-a1ac-467f-a1d7-66b2f01d3db0",
            "8448928b-b9e6-4325-af76-6e5ef633f180",
            "f33d7af5-43de-473f-b85b-f00e8325cd7a",
            "a2fcb37f-77e7-4aea-a8a2-74ae6ae7ea19"
          ],
          "failures": [],
          "pending": [],
          "skipped": [],
          "duration": 10724,
          "root": false,
          "rootEmpty": false,
          "_timeout": 2000
        }
      ],
      "passes": [],
      "failures": [],
      "pending": [],
      "skipped": [],
      "duration": 0,
      "root": true,
      "rootEmpty": true,
      "_timeout": 2000
    }
  ],
  "meta": {
    "mocha": {
      "version": "7.2.0"
    },
    "mochawesome": {
      "options": {
        "quiet": false,
        "reportFilename": "mochawesome",
        "saveHtml": true,
        "saveJson": true,
        "consoleReporter": "spec",
        "useInlineDiffs": false,
        "code": true
      },
      "version": "7.1.3"
    },
    "marge": {
      "options": {
        "reportDir": "cypress/report/mochawesome-report",
        "overwrite": true,
        "html": true,
        "json": true,
        "timestamp": "mmddyyyy_HHMMss"
      },
      "version": "6.2.0"
    }
  }
}