{
  "stats": {
    "suites": 1,
    "tests": 1,
    "passes": 1,
    "pending": 0,
    "failures": 0,
    "start": "2025-08-04T12:21:36.587Z",
    "end": "2025-08-04T12:21:38.721Z",
    "duration": 2134,
    "testsRegistered": 1,
    "passPercent": 100,
    "pendingPercent": 0,
    "other": 0,
    "hasOther": false,
    "skipped": 0,
    "hasSkipped": false
  },
  "results": [
    {
      "uuid": "e0c66bad-1a3d-410c-acef-adf45052a445",
      "title": "",
      "fullFile": "cypress\\e2e\\removeCart.cy.js",
      "file": "cypress\\e2e\\removeCart.cy.js",
      "beforeHooks": [],
      "afterHooks": [],
      "tests": [],
      "suites": [
        {
          "uuid": "3433bc7a-2c97-417c-9450-811a3f4c8b3c",
          "title": "Remove cart",
          "fullFile": "",
          "file": "",
          "beforeHooks": [],
          "afterHooks": [],
          "tests": [
            {
              "title": "✅ Remove Cart",
              "fullTitle": "Remove cart ✅ Remove Cart",
              "timedOut": null,
              "duration": 2077,
              "state": "passed",
              "speed": "fast",
              "pass": true,
              "fail": false,
              "pending": false,
              "context": null,
              "code": "it(\"Checkout success\", () => {\n  cy.get('button[id=\"add-to-cart-sauce-labs-backpack\"]').click();\n  cy.get(\".shopping_cart_link\").click();\n  cy.get('button[name=\"checkout\"]').click();\n});\ncy.get('button[id=\"add-to-cart-sauce-labs-backpack\"]').click();\ncy.get(\"a.shopping_cart_link\").click();\ncy.get('button[name=\"remove-sauce-labs-backpack\"]').click();",
              "err": {},
              "uuid": "42cb6fe6-4114-46c3-8d05-d624044a784f",
              "parentUUID": "3433bc7a-2c97-417c-9450-811a3f4c8b3c",
              "isHook": false,
              "skipped": false
            }
          ],
          "suites": [],
          "passes": [
            "42cb6fe6-4114-46c3-8d05-d624044a784f"
          ],
          "failures": [],
          "pending": [],
          "skipped": [],
          "duration": 2077,
          "root": false,
          "rootEmpty": false,
          "_timeout": 2000
        }
      ],
      "passes": [],
      "failures": [],
      "pending": [],
      "skipped": [],
      "duration": 0,
      "root": true,
      "rootEmpty": true,
      "_timeout": 2000
    }
  ],
  "meta": {
    "mocha": {
      "version": "7.2.0"
    },
    "mochawesome": {
      "options": {
        "quiet": false,
        "reportFilename": "mochawesome",
        "saveHtml": true,
        "saveJson": true,
        "consoleReporter": "spec",
        "useInlineDiffs": false,
        "code": true
      },
      "version": "7.1.3"
    },
    "marge": {
      "options": {
        "reportDir": "cypress/report/mochawesome-report",
        "overwrite": true,
        "html": true,
        "json": true,
        "timestamp": "mmddyyyy_HHMMss"
      },
      "version": "6.2.0"
    }
  }
}