{
  "stats": {
    "suites": 1,
    "tests": 4,
    "passes": 4,
    "pending": 0,
    "failures": 0,
    "start": "2025-08-04T12:21:16.718Z",
    "end": "2025-08-04T12:21:35.011Z",
    "duration": 18293,
    "testsRegistered": 4,
    "passPercent": 100,
    "pendingPercent": 0,
    "other": 0,
    "hasOther": false,
    "skipped": 0,
    "hasSkipped": false
  },
  "results": [
    {
      "uuid": "a2eb13df-f0cb-4c47-b46a-97066406ad5d",
      "title": "",
      "fullFile": "cypress\\e2e\\login.cy.js",
      "file": "cypress\\e2e\\login.cy.js",
      "beforeHooks": [],
      "afterHooks": [],
      "tests": [],
      "suites": [
        {
          "uuid": "0db2ad5f-4efb-4f92-8969-7fec4436fffe",
          "title": "Login",
          "fullFile": "",
          "file": "",
          "beforeHooks": [],
          "afterHooks": [],
          "tests": [
            {
              "title": "❌ Empty username",
              "fullTitle": "Login ❌ Empty username",
              "timedOut": null,
              "duration": 1698,
              "state": "passed",
              "speed": "fast",
              "pass": true,
              "fail": false,
              "pending": false,
              "context": null,
              "code": "cy.loginNegativeAndExpectError(\"\", \"secret_sauce\", \"Epic sadface: Username is required\");",
              "err": {},
              "uuid": "a0118f65-04ea-416a-b50d-62858e7c1fee",
              "parentUUID": "0db2ad5f-4efb-4f92-8969-7fec4436fffe",
              "isHook": false,
              "skipped": false
            },
            {
              "title": "❌ Empty password",
              "fullTitle": "Login ❌ Empty password",
              "timedOut": null,
              "duration": 1130,
              "state": "passed",
              "speed": "fast",
              "pass": true,
              "fail": false,
              "pending": false,
              "context": null,
              "code": "cy.loginNegativeAndExpectError(\"standard_user\", \"\", \"Epic sadface: Password is required\");",
              "err": {},
              "uuid": "23401cce-cacf-4595-a7f7-925e48ecfeb8",
              "parentUUID": "0db2ad5f-4efb-4f92-8969-7fec4436fffe",
              "isHook": false,
              "skipped": false
            },
            {
              "title": "❌ Wrong password or username",
              "fullTitle": "Login ❌ Wrong password or username",
              "timedOut": null,
              "duration": 1389,
              "state": "passed",
              "speed": "fast",
              "pass": true,
              "fail": false,
              "pending": false,
              "context": null,
              "code": "cy.loginNegativeAndExpectError(\"wrong_user\", \"wrong_password\", \"Epic sadface: Username and password do not match any user in this service\");",
              "err": {},
              "uuid": "3cc98c04-e143-4b7a-9d29-74761999e17d",
              "parentUUID": "0db2ad5f-4efb-4f92-8969-7fec4436fffe",
              "isHook": false,
              "skipped": false
            },
            {
              "title": "✅ Login success all users",
              "fullTitle": "Login ✅ Login success all users",
              "timedOut": null,
              "duration": 13890,
              "state": "passed",
              "speed": "slow",
              "pass": true,
              "fail": false,
              "pending": false,
              "context": null,
              "code": "cy.fixture(\"users.json\").then(users => {\n  users.forEach(user => {\n    cy.log(`Testing user: ${user.username}`);\n    if (user.status_login === \"valid\") {\n      cy.loginPositive(user.username, user.password);\n      cy.logout();\n    } else {\n      cy.loginNegativeAndExpectError(user.username, user.password, user.message);\n    }\n  });\n});",
              "err": {},
              "uuid": "65055fe1-69d2-4371-b4da-09a4ca9d7ed0",
              "parentUUID": "0db2ad5f-4efb-4f92-8969-7fec4436fffe",
              "isHook": false,
              "skipped": false
            }
          ],
          "suites": [],
          "passes": [
            "a0118f65-04ea-416a-b50d-62858e7c1fee",
            "23401cce-cacf-4595-a7f7-925e48ecfeb8",
            "3cc98c04-e143-4b7a-9d29-74761999e17d",
            "65055fe1-69d2-4371-b4da-09a4ca9d7ed0"
          ],
          "failures": [],
          "pending": [],
          "skipped": [],
          "duration": 18107,
          "root": false,
          "rootEmpty": false,
          "_timeout": 2000
        }
      ],
      "passes": [],
      "failures": [],
      "pending": [],
      "skipped": [],
      "duration": 0,
      "root": true,
      "rootEmpty": true,
      "_timeout": 2000
    }
  ],
  "meta": {
    "mocha": {
      "version": "7.2.0"
    },
    "mochawesome": {
      "options": {
        "quiet": false,
        "reportFilename": "mochawesome",
        "saveHtml": true,
        "saveJson": true,
        "consoleReporter": "spec",
        "useInlineDiffs": false,
        "code": true
      },
      "version": "7.1.3"
    },
    "marge": {
      "options": {
        "reportDir": "cypress/report/mochawesome-report",
        "overwrite": true,
        "html": true,
        "json": true,
        "timestamp": "mmddyyyy_HHMMss"
      },
      "version": "6.2.0"
    }
  }
}